# JRE version: OpenJDK Runtime Environment Temurin-17.0.7+7 (17.0.7+7) (build 17.0.7+7)
# Java VM: OpenJDK 64-Bit Server VM Temurin-17.0.7+7 (17.0.7+7, mixed mode, tiered, compressed oops, compressed class ptrs, parallel gc, windows-amd64)
GC Precious Log:
 CPUs: 8 total, 8 available
 Memory: 15931M
 Large Page Support: Disabled
 NUMA Support: Disabled
 Compressed Oops: Enabled (32-bit)
 Alignments: Space 512K, Generation 512K, Heap 2M
 Heap Min Capacity: 100M
 Heap Initial Capacity: 100M
 Heap Max Capacity: 1G
 Pre-touch: Disabled
 Parallel Workers: 8
Heap:
 PSYoungGen      total 3072K, used 288K [0x00000000eab00000, 0x00000000eb200000, 0x0000000100000000)
  eden space 2560K, 0% used [0x00000000eab00000,0x00000000eab00000,0x00000000ead80000)
  from space 512K, 56% used [0x00000000eb180000,0x00000000eb1c8000,0x00000000eb200000)
  to   space 1536K, 0% used [0x00000000eaf00000,0x00000000eaf00000,0x00000000eb080000)
 ParOldGen       total 254976K, used 253371K [0x00000000c0000000, 0x00000000cf900000, 0x00000000eab00000)
  object space 254976K, 99% used [0x00000000c0000000,0x00000000cf76ef10,0x00000000cf900000)
 Metaspace       used 96494K, committed 97664K, reserved 1179648K
  class space    used 9339K, committed 9792K, reserved 1048576K
GC Heap History (20 events):
Event: 177064.759 GC heap after
{Heap after GC invocations=20157 (full 390):
 PSYoungGen      total 3072K, used 912K [0x00000000eab00000, 0x00000000eb100000, 0x0000000100000000)
  eden space 2048K, 0% used [0x00000000eab00000,0x00000000eab00000,0x00000000ead00000)
  from space 1024K, 89% used [0x00000000ead00000,0x00000000eade4010,0x00000000eae00000)
  to   space 2048K, 0% used [0x00000000eaf00000,0x00000000eaf00000,0x00000000eb100000)
 ParOldGen       total 254976K, used 240615K [0x00000000c0000000, 0x00000000cf900000, 0x00000000eab00000)
  object space 254976K, 94% used [0x00000000c0000000,0x00000000ceaf9cf8,0x00000000cf900000)
 Metaspace       used 96494K, committed 97664K, reserved 1179648K
  class space    used 9339K, committed 9792K, reserved 1048576K
}
Event: 177064.763 GC heap before
{Heap before GC invocations=20158 (full 390):
 PSYoungGen      total 3072K, used 2960K [0x00000000eab00000, 0x00000000eb100000, 0x0000000100000000)
  eden space 2048K, 100% used [0x00000000eab00000,0x00000000ead00000,0x00000000ead00000)
  from space 1024K, 89% used [0x00000000ead00000,0x00000000eade4010,0x00000000eae00000)
  to   space 2048K, 0% used [0x00000000eaf00000,0x00000000eaf00000,0x00000000eb100000)
 ParOldGen       total 254976K, used 240615K [0x00000000c0000000, 0x00000000cf900000, 0x00000000eab00000)
  object space 254976K, 94% used [0x00000000c0000000,0x00000000ceaf9cf8,0x00000000cf900000)
 Metaspace       used 96494K, committed 97664K, reserved 1179648K
  class space    used 9339K, committed 9792K, reserved 1048576K
}
Event: 177064.765 GC heap after
{Heap after GC invocations=20158 (full 390):
 PSYoungGen      total 3584K, used 544K [0x00000000eab00000, 0x00000000eb000000, 0x0000000100000000)
  eden space 2560K, 0% used [0x00000000eab00000,0x00000000eab00000,0x00000000ead80000)
  from space 1024K, 53% used [0x00000000eaf00000,0x00000000eaf88000,0x00000000eb000000)
  to   space 1024K, 0% used [0x00000000eae00000,0x00000000eae00000,0x00000000eaf00000)
 ParOldGen       total 254976K, used 241367K [0x00000000c0000000, 0x00000000cf900000, 0x00000000eab00000)
  object space 254976K, 94% used [0x00000000c0000000,0x00000000cebb5cf8,0x00000000cf900000)
 Metaspace       used 96494K, committed 97664K, reserved 1179648K
  class space    used 9339K, committed 9792K, reserved 1048576K
}
Event: 177064.944 GC heap before
{Heap before GC invocations=20159 (full 390):
 PSYoungGen      total 3584K, used 3104K [0x00000000eab00000, 0x00000000eb000000, 0x0000000100000000)
  eden space 2560K, 100% used [0x00000000eab00000,0x00000000ead80000,0x00000000ead80000)
  from space 1024K, 53% used [0x00000000eaf00000,0x00000000eaf88000,0x00000000eb000000)
  to   space 1024K, 0% used [0x00000000eae00000,0x00000000eae00000,0x00000000eaf00000)
 ParOldGen       total 254976K, used 241367K [0x00000000c0000000, 0x00000000cf900000, 0x00000000eab00000)
  object space 254976K, 94% used [0x00000000c0000000,0x00000000cebb5cf8,0x00000000cf900000)
 Metaspace       used 96494K, committed 97664K, reserved 1179648K
  class space    used 9339K, committed 9792K, reserved 1048576K
}
Event: 177064.946 GC heap after
{Heap after GC invocations=20159 (full 390):
 PSYoungGen      total 3584K, used 368K [0x00000000eab00000, 0x00000000eaf80000, 0x0000000100000000)
  eden space 2560K, 0% used [0x00000000eab00000,0x00000000eab00000,0x00000000ead80000)
  from space 1024K, 35% used [0x00000000eae00000,0x00000000eae5c010,0x00000000eaf00000)
  to   space 512K, 0% used [0x00000000eaf00000,0x00000000eaf00000,0x00000000eaf80000)
 ParOldGen       total 254976K, used 241788K [0x00000000c0000000, 0x00000000cf900000, 0x00000000eab00000)
  object space 254976K, 94% used [0x00000000c0000000,0x00000000cec1f198,0x00000000cf900000)
 Metaspace       used 96494K, committed 97664K, reserved 1179648K
  class space    used 9339K, committed 9792K, reserved 1048576K
}
Event: 177065.227 GC heap before
{Heap before GC invocations=20160 (full 390):
 PSYoungGen      total 3584K, used 2928K [0x00000000eab00000, 0x00000000eaf80000, 0x0000000100000000)
  eden space 2560K, 100% used [0x00000000eab00000,0x00000000ead80000,0x00000000ead80000)
  from space 1024K, 35% used [0x00000000eae00000,0x00000000eae5c010,0x00000000eaf00000)
  to   space 512K, 0% used [0x00000000eaf00000,0x00000000eaf00000,0x00000000eaf80000)
 ParOldGen       total 254976K, used 241788K [0x00000000c0000000, 0x00000000cf900000, 0x00000000eab00000)
  object space 254976K, 94% used [0x00000000c0000000,0x00000000cec1f198,0x00000000cf900000)
 Metaspace       used 96494K, committed 97664K, reserved 1179648K
  class space    used 9339K, committed 9792K, reserved 1048576K
}
Event: 177065.229 GC heap after
{Heap after GC invocations=20160 (full 390):
 PSYoungGen      total 3072K, used 512K [0x00000000eab00000, 0x00000000eb080000, 0x0000000100000000)
  eden space 2560K, 0% used [0x00000000eab00000,0x00000000eab00000,0x00000000ead80000)
  from space 512K, 100% used [0x00000000eaf00000,0x00000000eaf80000,0x00000000eaf80000)
  to   space 1536K, 0% used [0x00000000ead80000,0x00000000ead80000,0x00000000eaf00000)
 ParOldGen       total 254976K, used 242638K [0x00000000c0000000, 0x00000000cf900000, 0x00000000eab00000)
  object space 254976K, 95% used [0x00000000c0000000,0x00000000cecf3808,0x00000000cf900000)
 Metaspace       used 96494K, committed 97664K, reserved 1179648K
  class space    used 9339K, committed 9792K, reserved 1048576K
}
Event: 177065.237 GC heap before
{Heap before GC invocations=20161 (full 390):
 PSYoungGen      total 3072K, used 3072K [0x00000000eab00000, 0x00000000eb080000, 0x0000000100000000)
  eden space 2560K, 100% used [0x00000000eab00000,0x00000000ead80000,0x00000000ead80000)
  from space 512K, 100% used [0x00000000eaf00000,0x00000000eaf80000,0x00000000eaf80000)
  to   space 1536K, 0% used [0x00000000ead80000,0x00000000ead80000,0x00000000eaf00000)
 ParOldGen       total 254976K, used 242638K [0x00000000c0000000, 0x00000000cf900000, 0x00000000eab00000)
  object space 254976K, 95% used [0x00000000c0000000,0x00000000cecf3808,0x00000000cf900000)
 Metaspace       used 96494K, committed 97664K, reserved 1179648K
  class space    used 9339K, committed 9792K, reserved 1048576K
}
Event: 177065.239 GC heap after
{Heap after GC invocations=20161 (full 390):
 PSYoungGen      total 4096K, used 1536K [0x00000000eab00000, 0x00000000eb480000, 0x0000000100000000)
  eden space 2560K, 0% used [0x00000000eab00000,0x00000000eab00000,0x00000000ead80000)
  from space 1536K, 100% used [0x00000000ead80000,0x00000000eaf00000,0x00000000eaf00000)
  to   space 3584K, 0% used [0x00000000eb100000,0x00000000eb100000,0x00000000eb480000)
 ParOldGen       total 254976K, used 243891K [0x00000000c0000000, 0x00000000cf900000, 0x00000000eab00000)
  object space 254976K, 95% used [0x00000000c0000000,0x00000000cee2cc88,0x00000000cf900000)
 Metaspace       used 96494K, committed 97664K, reserved 1179648K
  class space    used 9339K, committed 9792K, reserved 1048576K
}
Event: 177065.674 GC heap before
{Heap before GC invocations=20162 (full 390):
 PSYoungGen      total 4096K, used 3809K [0x00000000eab00000, 0x00000000eb480000, 0x0000000100000000)
  eden space 2560K, 88% used [0x00000000eab00000,0x00000000ead386d0,0x00000000ead80000)
  from space 1536K, 100% used [0x00000000ead80000,0x00000000eaf00000,0x00000000eaf00000)
  to   space 3584K, 0% used [0x00000000eb100000,0x00000000eb100000,0x00000000eb480000)
 ParOldGen       total 254976K, used 245339K [0x00000000c0000000, 0x00000000cf900000, 0x00000000eab00000)
  object space 254976K, 96% used [0x00000000c0000000,0x00000000cef96c68,0x00000000cf900000)
 Metaspace       used 96494K, committed 97664K, reserved 1179648K
  class space    used 9339K, committed 9792K, reserved 1048576K
}
Event: 177065.680 GC heap after
{Heap after GC invocations=20162 (full 390):
 PSYoungGen      total 4608K, used 1828K [0x00000000eab00000, 0x00000000eb300000, 0x0000000100000000)
  eden space 2560K, 0% used [0x00000000eab00000,0x00000000eab00000,0x00000000ead80000)
  from space 2048K, 89% used [0x00000000eb100000,0x00000000eb2c9188,0x00000000eb300000)
  to   space 2560K, 0% used [0x00000000eae00000,0x00000000eae00000,0x00000000eb080000)
 ParOldGen       total 254976K, used 246859K [0x00000000c0000000, 0x00000000cf900000, 0x00000000eab00000)
  object space 254976K, 96% used [0x00000000c0000000,0x00000000cf112c68,0x00000000cf900000)
 Metaspace       used 96494K, committed 97664K, reserved 1179648K
  class space    used 9339K, committed 9792K, reserved 1048576K
}
Event: 177066.551 GC heap before
{Heap before GC invocations=20163 (full 390):
 PSYoungGen      total 4608K, used 4388K [0x00000000eab00000, 0x00000000eb300000, 0x0000000100000000)
  eden space 2560K, 100% used [0x00000000eab00000,0x00000000ead80000,0x00000000ead80000)
  from space 2048K, 89% used [0x00000000eb100000,0x00000000eb2c9188,0x00000000eb300000)
  to   space 2560K, 0% used [0x00000000eae00000,0x00000000eae00000,0x00000000eb080000)
 ParOldGen       total 254976K, used 248307K [0x00000000c0000000, 0x00000000cf900000, 0x00000000eab00000)
  object space 254976K, 97% used [0x00000000c0000000,0x00000000cf27cc48,0x00000000cf900000)
 Metaspace       used 96494K, committed 97664K, reserved 1179648K
  class space    used 9339K, committed 9792K, reserved 1048576K
}
Event: 177066.553 GC heap after
{Heap after GC invocations=20163 (full 390):
 PSYoungGen      total 5120K, used 263K [0x00000000eab00000, 0x00000000eb180000, 0x0000000100000000)
  eden space 2560K, 0% used [0x00000000eab00000,0x00000000eab00000,0x00000000ead80000)
  from space 2560K, 10% used [0x00000000eae00000,0x00000000eae41c78,0x00000000eb080000)
  to   space 1024K, 0% used [0x00000000eb080000,0x00000000eb080000,0x00000000eb180000)
 ParOldGen       total 254976K, used 249299K [0x00000000c0000000, 0x00000000cf900000, 0x00000000eab00000)
  object space 254976K, 97% used [0x00000000c0000000,0x00000000cf374c48,0x00000000cf900000)
 Metaspace       used 96494K, committed 97664K, reserved 1179648K
  class space    used 9339K, committed 9792K, reserved 1048576K
}
Event: 177066.574 GC heap before
{Heap before GC invocations=20164 (full 390):
 PSYoungGen      total 5120K, used 2823K [0x00000000eab00000, 0x00000000eb180000, 0x0000000100000000)
  eden space 2560K, 100% used [0x00000000eab00000,0x00000000ead80000,0x00000000ead80000)
  from space 2560K, 10% used [0x00000000eae00000,0x00000000eae41c78,0x00000000eb080000)
  to   space 1024K, 0% used [0x00000000eb080000,0x00000000eb080000,0x00000000eb180000)
 ParOldGen       total 254976K, used 249299K [0x00000000c0000000, 0x00000000cf900000, 0x00000000eab00000)
  object space 254976K, 97% used [0x00000000c0000000,0x00000000cf374c48,0x00000000cf900000)
 Metaspace       used 96494K, committed 97664K, reserved 1179648K
  class space    used 9339K, committed 9792K, reserved 1048576K
}
Event: 177066.575 GC heap after
{Heap after GC invocations=20164 (full 390):
 PSYoungGen      total 3584K, used 993K [0x00000000eab00000, 0x00000000eb180000, 0x0000000100000000)
  eden space 2560K, 0% used [0x00000000eab00000,0x00000000eab00000,0x00000000ead80000)
  from space 1024K, 97% used [0x00000000eb080000,0x00000000eb178608,0x00000000eb180000)
  to   space 2048K, 0% used [0x00000000ead80000,0x00000000ead80000,0x00000000eaf80000)
 ParOldGen       total 254976K, used 249787K [0x00000000c0000000, 0x00000000cf900000, 0x00000000eab00000)
  object space 254976K, 97% used [0x00000000c0000000,0x00000000cf3eeec8,0x00000000cf900000)
 Metaspace       used 96494K, committed 97664K, reserved 1179648K
  class space    used 9339K, committed 9792K, reserved 1048576K
}
Event: 177066.580 GC heap before
{Heap before GC invocations=20165 (full 390):
 PSYoungGen      total 3584K, used 3553K [0x00000000eab00000, 0x00000000eb180000, 0x0000000100000000)
  eden space 2560K, 100% used [0x00000000eab00000,0x00000000ead80000,0x00000000ead80000)
  from space 1024K, 97% used [0x00000000eb080000,0x00000000eb178608,0x00000000eb180000)
  to   space 2048K, 0% used [0x00000000ead80000,0x00000000ead80000,0x00000000eaf80000)
 ParOldGen       total 254976K, used 249787K [0x00000000c0000000, 0x00000000cf900000, 0x00000000eab00000)
  object space 254976K, 97% used [0x00000000c0000000,0x00000000cf3eeec8,0x00000000cf900000)
 Metaspace       used 96494K, committed 97664K, reserved 1179648K
  class space    used 9339K, committed 9792K, reserved 1048576K
}
Event: 177066.582 GC heap after
{Heap after GC invocations=20165 (full 390):
 PSYoungGen      total 4608K, used 2048K [0x00000000eab00000, 0x00000000eb580000, 0x0000000100000000)
  eden space 2560K, 0% used [0x00000000eab00000,0x00000000eab00000,0x00000000ead80000)
  from space 2048K, 100% used [0x00000000ead80000,0x00000000eaf80000,0x00000000eaf80000)
  to   space 4096K, 0% used [0x00000000eb180000,0x00000000eb180000,0x00000000eb580000)
 ParOldGen       total 254976K, used 251275K [0x00000000c0000000, 0x00000000cf900000, 0x00000000eab00000)
  object space 254976K, 98% used [0x00000000c0000000,0x00000000cf562f10,0x00000000cf900000)
 Metaspace       used 96494K, committed 97664K, reserved 1179648K
  class space    used 9339K, committed 9792K, reserved 1048576K
}
Event: 177066.828 GC heap before
{Heap before GC invocations=20166 (full 390):
 PSYoungGen      total 4608K, used 4606K [0x00000000eab00000, 0x00000000eb580000, 0x0000000100000000)
  eden space 2560K, 99% used [0x00000000eab00000,0x00000000ead7f858,0x00000000ead80000)
  from space 2048K, 100% used [0x00000000ead80000,0x00000000eaf80000,0x00000000eaf80000)
  to   space 4096K, 0% used [0x00000000eb180000,0x00000000eb180000,0x00000000eb580000)
 ParOldGen       total 254976K, used 251275K [0x00000000c0000000, 0x00000000cf900000, 0x00000000eab00000)
  object space 254976K, 98% used [0x00000000c0000000,0x00000000cf562f10,0x00000000cf900000)
 Metaspace       used 96494K, committed 97664K, reserved 1179648K
  class space    used 9339K, committed 9792K, reserved 1048576K
}
Event: 177066.835 GC heap after
{Heap after GC invocations=20166 (full 390):
 PSYoungGen      total 3072K, used 288K [0x00000000eab00000, 0x00000000eb200000, 0x0000000100000000)
  eden space 2560K, 0% used [0x00000000eab00000,0x00000000eab00000,0x00000000ead80000)
  from space 512K, 56% used [0x00000000eb180000,0x00000000eb1c8000,0x00000000eb200000)
  to   space 1536K, 0% used [0x00000000eaf00000,0x00000000eaf00000,0x00000000eb080000)
 ParOldGen       total 254976K, used 253371K [0x00000000c0000000, 0x00000000cf900000, 0x00000000eab00000)
  object space 254976K, 99% used [0x00000000c0000000,0x00000000cf76ef10,0x00000000cf900000)
 Metaspace       used 96494K, committed 97664K, reserved 1179648K
  class space    used 9339K, committed 9792K, reserved 1048576K
}
Event: 177066.835 GC heap before
{Heap before GC invocations=20167 (full 391):
 PSYoungGen      total 3072K, used 288K [0x00000000eab00000, 0x00000000eb200000, 0x0000000100000000)
  eden space 2560K, 0% used [0x00000000eab00000,0x00000000eab00000,0x00000000ead80000)
  from space 512K, 56% used [0x00000000eb180000,0x00000000eb1c8000,0x00000000eb200000)
  to   space 1536K, 0% used [0x00000000eaf00000,0x00000000eaf00000,0x00000000eb080000)
 ParOldGen       total 254976K, used 253371K [0x00000000c0000000, 0x00000000cf900000, 0x00000000eab00000)
  object space 254976K, 99% used [0x00000000c0000000,0x00000000cf76ef10,0x00000000cf900000)
 Metaspace       used 96494K, committed 97664K, reserved 1179648K
  class space    used 9339K, committed 9792K, reserved 1048576K
}

