# JRE version: OpenJDK Runtime Environment Temurin-17.0.7+7 (17.0.7+7) (build 17.0.7+7)
# Java VM: OpenJDK 64-Bit Server VM Temurin-17.0.7+7 (17.0.7+7, mixed mode, tiered, compressed oops, compressed class ptrs, parallel gc, windows-amd64)
GC Precious Log:
 CPUs: 8 total, 8 available
 Memory: 15931M
 Large Page Support: Disabled
 NUMA Support: Disabled
 Compressed Oops: Enabled (32-bit)
 Alignments: Space 512K, Generation 512K, Heap 2M
 Heap Min Capacity: 100M
 Heap Initial Capacity: 100M
 Heap Max Capacity: 1G
 Pre-touch: Disabled
 Parallel Workers: 8
Heap:
 PSYoungGen      total 87552K, used 73110K [0x00000000eab00000, 0x00000000f1080000, 0x0000000100000000)
  eden space 75264K, 80% used [0x00000000eab00000,0x00000000ee67d058,0x00000000ef480000)
  from space 12288K, 99% used [0x00000000f0480000,0x00000000f1068880,0x00000000f1080000)
  to   space 13824K, 0% used [0x00000000ef580000,0x00000000ef580000,0x00000000f0300000)
 ParOldGen       total 64000K, used 56700K [0x00000000c0000000, 0x00000000c3e80000, 0x00000000eab00000)
  object space 64000K, 88% used [0x00000000c0000000,0x00000000c375f160,0x00000000c3e80000)
 Metaspace       used 70606K, committed 71616K, reserved 1114112K
  class space    used 7492K, committed 7936K, reserved 1048576K
GC Heap History (20 events):
Event: 21.513 GC heap before
{Heap before GC invocations=53 (full 4):
 PSYoungGen      total 74240K, used 74233K [0x00000000eab00000, 0x00000000f0500000, 0x0000000100000000)
  eden space 67072K, 100% used [0x00000000eab00000,0x00000000eec80000,0x00000000eec80000)
  from space 7168K, 99% used [0x00000000eec80000,0x00000000ef37e728,0x00000000ef380000)
  to   space 11776K, 0% used [0x00000000ef980000,0x00000000ef980000,0x00000000f0500000)
 ParOldGen       total 64000K, used 31229K [0x00000000c0000000, 0x00000000c3e80000, 0x00000000eab00000)
  object space 64000K, 48% used [0x00000000c0000000,0x00000000c1e7f7e8,0x00000000c3e80000)
 Metaspace       used 54829K, committed 55680K, reserved 1114112K
  class space    used 6029K, committed 6400K, reserved 1048576K
}
Event: 21.529 GC heap after
{Heap after GC invocations=53 (full 4):
 PSYoungGen      total 78848K, used 11753K [0x00000000eab00000, 0x00000000f0880000, 0x0000000100000000)
  eden space 67072K, 0% used [0x00000000eab00000,0x00000000eab00000,0x00000000eec80000)
  from space 11776K, 99% used [0x00000000ef980000,0x00000000f04fa680,0x00000000f0500000)
  to   space 13312K, 0% used [0x00000000eec80000,0x00000000eec80000,0x00000000ef980000)
 ParOldGen       total 64000K, used 32131K [0x00000000c0000000, 0x00000000c3e80000, 0x00000000eab00000)
  object space 64000K, 50% used [0x00000000c0000000,0x00000000c1f60f70,0x00000000c3e80000)
 Metaspace       used 54829K, committed 55680K, reserved 1114112K
  class space    used 6029K, committed 6400K, reserved 1048576K
}
Event: 22.409 GC heap before
{Heap before GC invocations=54 (full 4):
 PSYoungGen      total 78848K, used 78825K [0x00000000eab00000, 0x00000000f0880000, 0x0000000100000000)
  eden space 67072K, 100% used [0x00000000eab00000,0x00000000eec80000,0x00000000eec80000)
  from space 11776K, 99% used [0x00000000ef980000,0x00000000f04fa680,0x00000000f0500000)
  to   space 13312K, 0% used [0x00000000eec80000,0x00000000eec80000,0x00000000ef980000)
 ParOldGen       total 64000K, used 32131K [0x00000000c0000000, 0x00000000c3e80000, 0x00000000eab00000)
  object space 64000K, 50% used [0x00000000c0000000,0x00000000c1f60f70,0x00000000c3e80000)
 Metaspace       used 58047K, committed 58944K, reserved 1114112K
  class space    used 6371K, committed 6720K, reserved 1048576K
}
Event: 22.425 GC heap after
{Heap after GC invocations=54 (full 4):
 PSYoungGen      total 80384K, used 13307K [0x00000000eab00000, 0x00000000f0d00000, 0x0000000100000000)
  eden space 67072K, 0% used [0x00000000eab00000,0x00000000eab00000,0x00000000eec80000)
  from space 13312K, 99% used [0x00000000eec80000,0x00000000ef97ed80,0x00000000ef980000)
  to   space 15872K, 0% used [0x00000000efd80000,0x00000000efd80000,0x00000000f0d00000)
 ParOldGen       total 64000K, used 34081K [0x00000000c0000000, 0x00000000c3e80000, 0x00000000eab00000)
  object space 64000K, 53% used [0x00000000c0000000,0x00000000c2148410,0x00000000c3e80000)
 Metaspace       used 58047K, committed 58944K, reserved 1114112K
  class space    used 6371K, committed 6720K, reserved 1048576K
}
Event: 22.632 GC heap before
{Heap before GC invocations=55 (full 4):
 PSYoungGen      total 80384K, used 47195K [0x00000000eab00000, 0x00000000f0d00000, 0x0000000100000000)
  eden space 67072K, 50% used [0x00000000eab00000,0x00000000ecc180b0,0x00000000eec80000)
  from space 13312K, 99% used [0x00000000eec80000,0x00000000ef97ed80,0x00000000ef980000)
  to   space 15872K, 0% used [0x00000000efd80000,0x00000000efd80000,0x00000000f0d00000)
 ParOldGen       total 64000K, used 34081K [0x00000000c0000000, 0x00000000c3e80000, 0x00000000eab00000)
  object space 64000K, 53% used [0x00000000c0000000,0x00000000c2148410,0x00000000c3e80000)
 Metaspace       used 58805K, committed 59648K, reserved 1114112K
  class space    used 6460K, committed 6784K, reserved 1048576K
}
Event: 22.647 GC heap after
{Heap after GC invocations=55 (full 4):
 PSYoungGen      total 81408K, used 12737K [0x00000000eab00000, 0x00000000f0a00000, 0x0000000100000000)
  eden space 68608K, 0% used [0x00000000eab00000,0x00000000eab00000,0x00000000eee00000)
  from space 12800K, 99% used [0x00000000efd80000,0x00000000f09f0620,0x00000000f0a00000)
  to   space 13824K, 0% used [0x00000000eef00000,0x00000000eef00000,0x00000000efc80000)
 ParOldGen       total 64000K, used 36390K [0x00000000c0000000, 0x00000000c3e80000, 0x00000000eab00000)
  object space 64000K, 56% used [0x00000000c0000000,0x00000000c2389aa8,0x00000000c3e80000)
 Metaspace       used 58805K, committed 59648K, reserved 1114112K
  class space    used 6460K, committed 6784K, reserved 1048576K
}
Event: 22.647 GC heap before
{Heap before GC invocations=56 (full 5):
 PSYoungGen      total 81408K, used 12737K [0x00000000eab00000, 0x00000000f0a00000, 0x0000000100000000)
  eden space 68608K, 0% used [0x00000000eab00000,0x00000000eab00000,0x00000000eee00000)
  from space 12800K, 99% used [0x00000000efd80000,0x00000000f09f0620,0x00000000f0a00000)
  to   space 13824K, 0% used [0x00000000eef00000,0x00000000eef00000,0x00000000efc80000)
 ParOldGen       total 64000K, used 36390K [0x00000000c0000000, 0x00000000c3e80000, 0x00000000eab00000)
  object space 64000K, 56% used [0x00000000c0000000,0x00000000c2389aa8,0x00000000c3e80000)
 Metaspace       used 58805K, committed 59648K, reserved 1114112K
  class space    used 6460K, committed 6784K, reserved 1048576K
}
Event: 22.798 GC heap after
{Heap after GC invocations=56 (full 5):
 PSYoungGen      total 81408K, used 0K [0x00000000eab00000, 0x00000000f0a00000, 0x0000000100000000)
  eden space 68608K, 0% used [0x00000000eab00000,0x00000000eab00000,0x00000000eee00000)
  from space 12800K, 0% used [0x00000000efd80000,0x00000000efd80000,0x00000000f0a00000)
  to   space 13824K, 0% used [0x00000000eef00000,0x00000000eef00000,0x00000000efc80000)
 ParOldGen       total 64000K, used 44818K [0x00000000c0000000, 0x00000000c3e80000, 0x00000000eab00000)
  object space 64000K, 70% used [0x00000000c0000000,0x00000000c2bc4b10,0x00000000c3e80000)
 Metaspace       used 58803K, committed 59648K, reserved 1114112K
  class space    used 6459K, committed 6784K, reserved 1048576K
}
Event: 24.175 GC heap before
{Heap before GC invocations=57 (full 5):
 PSYoungGen      total 81408K, used 68608K [0x00000000eab00000, 0x00000000f0a00000, 0x0000000100000000)
  eden space 68608K, 100% used [0x00000000eab00000,0x00000000eee00000,0x00000000eee00000)
  from space 12800K, 0% used [0x00000000efd80000,0x00000000efd80000,0x00000000f0a00000)
  to   space 13824K, 0% used [0x00000000eef00000,0x00000000eef00000,0x00000000efc80000)
 ParOldGen       total 64000K, used 44818K [0x00000000c0000000, 0x00000000c3e80000, 0x00000000eab00000)
  object space 64000K, 70% used [0x00000000c0000000,0x00000000c2bc4b10,0x00000000c3e80000)
 Metaspace       used 64334K, committed 65280K, reserved 1114112K
  class space    used 6985K, committed 7424K, reserved 1048576K
}
Event: 24.180 GC heap after
{Heap after GC invocations=57 (full 5):
 PSYoungGen      total 72704K, used 2985K [0x00000000eab00000, 0x00000000efe00000, 0x0000000100000000)
  eden space 69632K, 0% used [0x00000000eab00000,0x00000000eab00000,0x00000000eef00000)
  from space 3072K, 97% used [0x00000000eef00000,0x00000000ef1ea408,0x00000000ef200000)
  to   space 7168K, 0% used [0x00000000ef700000,0x00000000ef700000,0x00000000efe00000)
 ParOldGen       total 64000K, used 44826K [0x00000000c0000000, 0x00000000c3e80000, 0x00000000eab00000)
  object space 64000K, 70% used [0x00000000c0000000,0x00000000c2bc6b10,0x00000000c3e80000)
 Metaspace       used 64334K, committed 65280K, reserved 1114112K
  class space    used 6985K, committed 7424K, reserved 1048576K
}
Event: 26.005 GC heap before
{Heap before GC invocations=58 (full 5):
 PSYoungGen      total 72704K, used 72617K [0x00000000eab00000, 0x00000000efe00000, 0x0000000100000000)
  eden space 69632K, 100% used [0x00000000eab00000,0x00000000eef00000,0x00000000eef00000)
  from space 3072K, 97% used [0x00000000eef00000,0x00000000ef1ea408,0x00000000ef200000)
  to   space 7168K, 0% used [0x00000000ef700000,0x00000000ef700000,0x00000000efe00000)
 ParOldGen       total 64000K, used 44826K [0x00000000c0000000, 0x00000000c3e80000, 0x00000000eab00000)
  object space 64000K, 70% used [0x00000000c0000000,0x00000000c2bc6b10,0x00000000c3e80000)
 Metaspace       used 65757K, committed 66880K, reserved 1114112K
  class space    used 7082K, committed 7552K, reserved 1048576K
}
Event: 26.011 GC heap after
{Heap after GC invocations=58 (full 5):
 PSYoungGen      total 77824K, used 5722K [0x00000000eab00000, 0x00000000efd80000, 0x0000000100000000)
  eden space 71168K, 0% used [0x00000000eab00000,0x00000000eab00000,0x00000000ef080000)
  from space 6656K, 85% used [0x00000000ef700000,0x00000000efc96af8,0x00000000efd80000)
  to   space 6656K, 0% used [0x00000000ef080000,0x00000000ef080000,0x00000000ef700000)
 ParOldGen       total 64000K, used 44834K [0x00000000c0000000, 0x00000000c3e80000, 0x00000000eab00000)
  object space 64000K, 70% used [0x00000000c0000000,0x00000000c2bc8b10,0x00000000c3e80000)
 Metaspace       used 65757K, committed 66880K, reserved 1114112K
  class space    used 7082K, committed 7552K, reserved 1048576K
}
Event: 27.057 GC heap before
{Heap before GC invocations=59 (full 5):
 PSYoungGen      total 77824K, used 76890K [0x00000000eab00000, 0x00000000efd80000, 0x0000000100000000)
  eden space 71168K, 100% used [0x00000000eab00000,0x00000000ef080000,0x00000000ef080000)
  from space 6656K, 85% used [0x00000000ef700000,0x00000000efc96af8,0x00000000efd80000)
  to   space 6656K, 0% used [0x00000000ef080000,0x00000000ef080000,0x00000000ef700000)
 ParOldGen       total 64000K, used 44834K [0x00000000c0000000, 0x00000000c3e80000, 0x00000000eab00000)
  object space 64000K, 70% used [0x00000000c0000000,0x00000000c2bc8b10,0x00000000c3e80000)
 Metaspace       used 68018K, committed 69056K, reserved 1114112K
  class space    used 7319K, committed 7744K, reserved 1048576K
}
Event: 27.072 GC heap after
{Heap after GC invocations=59 (full 5):
 PSYoungGen      total 77824K, used 6644K [0x00000000eab00000, 0x00000000f1100000, 0x0000000100000000)
  eden space 71168K, 0% used [0x00000000eab00000,0x00000000eab00000,0x00000000ef080000)
  from space 6656K, 99% used [0x00000000ef080000,0x00000000ef6fd358,0x00000000ef700000)
  to   space 15872K, 0% used [0x00000000f0180000,0x00000000f0180000,0x00000000f1100000)
 ParOldGen       total 64000K, used 52237K [0x00000000c0000000, 0x00000000c3e80000, 0x00000000eab00000)
  object space 64000K, 81% used [0x00000000c0000000,0x00000000c3303738,0x00000000c3e80000)
 Metaspace       used 68018K, committed 69056K, reserved 1114112K
  class space    used 7319K, committed 7744K, reserved 1048576K
}
Event: 27.867 GC heap before
{Heap before GC invocations=60 (full 5):
 PSYoungGen      total 77824K, used 77812K [0x00000000eab00000, 0x00000000f1100000, 0x0000000100000000)
  eden space 71168K, 100% used [0x00000000eab00000,0x00000000ef080000,0x00000000ef080000)
  from space 6656K, 99% used [0x00000000ef080000,0x00000000ef6fd358,0x00000000ef700000)
  to   space 15872K, 0% used [0x00000000f0180000,0x00000000f0180000,0x00000000f1100000)
 ParOldGen       total 64000K, used 52237K [0x00000000c0000000, 0x00000000c3e80000, 0x00000000eab00000)
  object space 64000K, 81% used [0x00000000c0000000,0x00000000c3303738,0x00000000c3e80000)
 Metaspace       used 68582K, committed 69632K, reserved 1114112K
  class space    used 7363K, committed 7808K, reserved 1048576K
}
Event: 27.882 GC heap after
{Heap after GC invocations=60 (full 5):
 PSYoungGen      total 83456K, used 10475K [0x00000000eab00000, 0x00000000f0c00000, 0x0000000100000000)
  eden space 72704K, 0% used [0x00000000eab00000,0x00000000eab00000,0x00000000ef200000)
  from space 10752K, 97% used [0x00000000f0180000,0x00000000f0bbade0,0x00000000f0c00000)
  to   space 11776K, 0% used [0x00000000ef500000,0x00000000ef500000,0x00000000f0080000)
 ParOldGen       total 64000K, used 52245K [0x00000000c0000000, 0x00000000c3e80000, 0x00000000eab00000)
  object space 64000K, 81% used [0x00000000c0000000,0x00000000c3305738,0x00000000c3e80000)
 Metaspace       used 68582K, committed 69632K, reserved 1114112K
  class space    used 7363K, committed 7808K, reserved 1048576K
}
Event: 28.348 GC heap before
{Heap before GC invocations=61 (full 5):
 PSYoungGen      total 83456K, used 83179K [0x00000000eab00000, 0x00000000f0c00000, 0x0000000100000000)
  eden space 72704K, 100% used [0x00000000eab00000,0x00000000ef200000,0x00000000ef200000)
  from space 10752K, 97% used [0x00000000f0180000,0x00000000f0bbade0,0x00000000f0c00000)
  to   space 11776K, 0% used [0x00000000ef500000,0x00000000ef500000,0x00000000f0080000)
 ParOldGen       total 64000K, used 52245K [0x00000000c0000000, 0x00000000c3e80000, 0x00000000eab00000)
  object space 64000K, 81% used [0x00000000c0000000,0x00000000c3305738,0x00000000c3e80000)
 Metaspace       used 69685K, committed 70784K, reserved 1114112K
  class space    used 7427K, committed 7872K, reserved 1048576K
}
Event: 28.357 GC heap after
{Heap after GC invocations=61 (full 5):
 PSYoungGen      total 86016K, used 11772K [0x00000000eab00000, 0x00000000f1580000, 0x0000000100000000)
  eden space 74240K, 0% used [0x00000000eab00000,0x00000000eab00000,0x00000000ef380000)
  from space 11776K, 99% used [0x00000000ef500000,0x00000000f007f100,0x00000000f0080000)
  to   space 17408K, 0% used [0x00000000f0480000,0x00000000f0480000,0x00000000f1580000)
 ParOldGen       total 64000K, used 56692K [0x00000000c0000000, 0x00000000c3e80000, 0x00000000eab00000)
  object space 64000K, 88% used [0x00000000c0000000,0x00000000c375d160,0x00000000c3e80000)
 Metaspace       used 69685K, committed 70784K, reserved 1114112K
  class space    used 7427K, committed 7872K, reserved 1048576K
}
Event: 29.022 GC heap before
{Heap before GC invocations=62 (full 5):
 PSYoungGen      total 86016K, used 86012K [0x00000000eab00000, 0x00000000f1580000, 0x0000000100000000)
  eden space 74240K, 100% used [0x00000000eab00000,0x00000000ef380000,0x00000000ef380000)
  from space 11776K, 99% used [0x00000000ef500000,0x00000000f007f100,0x00000000f0080000)
  to   space 17408K, 0% used [0x00000000f0480000,0x00000000f0480000,0x00000000f1580000)
 ParOldGen       total 64000K, used 56692K [0x00000000c0000000, 0x00000000c3e80000, 0x00000000eab00000)
  object space 64000K, 88% used [0x00000000c0000000,0x00000000c375d160,0x00000000c3e80000)
 Metaspace       used 70318K, committed 71360K, reserved 1114112K
  class space    used 7483K, committed 7936K, reserved 1048576K
}
Event: 29.029 GC heap after
{Heap after GC invocations=62 (full 5):
 PSYoungGen      total 87552K, used 12194K [0x00000000eab00000, 0x00000000f1080000, 0x0000000100000000)
  eden space 75264K, 0% used [0x00000000eab00000,0x00000000eab00000,0x00000000ef480000)
  from space 12288K, 99% used [0x00000000f0480000,0x00000000f1068880,0x00000000f1080000)
  to   space 13824K, 0% used [0x00000000ef580000,0x00000000ef580000,0x00000000f0300000)
 ParOldGen       total 64000K, used 56700K [0x00000000c0000000, 0x00000000c3e80000, 0x00000000eab00000)
  object space 64000K, 88% used [0x00000000c0000000,0x00000000c375f160,0x00000000c3e80000)
 Metaspace       used 70318K, committed 71360K, reserved 1114112K
  class space    used 7483K, committed 7936K, reserved 1048576K
}

